<?xml version="1.0" encoding="utf-8" standalone="no"?>
<!--This file represents the results of running a test suite-->
<test-results name="D:\projects\UrlRewriter\UrlRewriter\bin\Debug\UrlRewriter.dll" total="0" errors="0" failures="0" not-run="0" inconclusive="0" ignored="0" skipped="0" invalid="0" date="2010-05-24" time="10:16:36">
  <environment nunit-version="2.5.5.10112" clr-version="2.0.50727.3053" os-version="Microsoft Windows NT 5.2.3790 Service Pack 2" platform="Win32NT" cwd="D:\projects\UrlRewriter\UrlRewriter\bin\Debug" machine-name="XIAOFU" user="Administrator" user-domain="XIAOFU" />
  <culture-info current-culture="zh-CN" current-uiculture="zh-CN" />
  <test-suite type="Assembly" name="D:\projects\UrlRewriter\UrlRewriter\bin\Debug\UrlRewriter.dll" executed="False" result="NotRunnable">
    <reason>
      <message><![CDATA[Has no TestFixtures]]></message>
    </reason>
  </test-suite>
</test-results>